<?xml version="1.0" encoding="UTF-8"?>
<testsuite name="org.cirdles.fileinputstuff.BinarySerializationTest" tests="2" skipped="0" failures="0" errors="0" timestamp="2018-01-04T01:28:52" hostname="Ryans-MacBook-Pro.local" time="0.014">
  <properties/>
  <testcase name="testGetList" classname="org.cirdles.fileinputstuff.BinarySerializationTest" time="0.011"/>
  <testcase name="testMakeList" classname="org.cirdles.fileinputstuff.BinarySerializationTest" time="0.002"/>
  <system-out><![CDATA[getList
makeList
]]></system-out>
  <system-err><![CDATA[]]></system-err>
</testsuite>
