<?xml version="1.0" encoding="UTF-8"?>
<testsuite name="org.cirdles.fileinputstuff.PersonTest" tests="4" skipped="0" failures="0" errors="0" timestamp="2018-01-04T01:28:52" hostname="Ryans-MacBook-Pro.local" time="0.002">
  <properties/>
  <testcase name="testCompareToSame" classname="org.cirdles.fileinputstuff.PersonTest" time="0.0"/>
  <testcase name="testCompareToDifferent" classname="org.cirdles.fileinputstuff.PersonTest" time="0.0"/>
  <testcase name="testEqualsSame" classname="org.cirdles.fileinputstuff.PersonTest" time="0.0"/>
  <testcase name="testEqualsDifferent" classname="org.cirdles.fileinputstuff.PersonTest" time="0.0"/>
  <system-out><![CDATA[testCompareToSame
testCompareToSame
testEqualsSame
testEqualsDifferent
]]></system-out>
  <system-err><![CDATA[]]></system-err>
</testsuite>
